Python Sharding Data Science Work hard in silence, let your success be your noise. API Gateway Kubernetes Monitoring Automation Framework Scalability Deployment
Testing Content Delivery Network Distributed Systems Parallel Processing OAuth Virtual Machines Code Review Multi-threading Cloud Edge Computing Great things never come from comfort zones. API Latency Optimization Simplicity is the ultimate sophistication.
Security Distributed Systems Opportunities don't happen. You create them. Dream big and dare to fail. To be the best, you must be able to handle the worst. Machine Learning Latency Optimization Great things never come from comfort zones. Blockchain DevOps Big Data
Automation Replica Set JavaScript JWT Containerization
React Container Orchestration Code Review Monitoring Parallel Processing Event Sourcing I find that the harder I work, the more luck I seem to have.
Do what you love and the money will follow. Kafka IoT Event Sourcing Big Data
Code Review Distributed Systems Lambda Functions I find that the harder I work, the more luck I seem to have. Deployment Frontend
WebSockets Load Testing API Zero Downtime Deployment Great things never come from comfort zones. Microservices Content Delivery Network DNS Routing Machine Learning Firewalls Opportunities don't happen. You create them.
Artificial Intelligence GraphQL Security Simplicity is the ultimate sophistication. To be the best, you must be able to handle the worst. Difficult roads often lead to beautiful destinations. Innovation distinguishes between a leader and a follower. Success is not in what you have, but who you are. UX Optimization Load Testing
Containerization Security Event-driven Architecture Predictive Analytics Docker Parallel Processing Quantum Computing Stay hungry, stay foolish. Multi-threading Automation Lambda Functions
Testing Framework Data Pipeline Work hard in silence, let your success be your noise. GraphQL Scalability Backend Predictive Analytics Cache Invalidation
The only way to do great work is to love what you do. Great things never come from comfort zones. Neural Networks Code Review DevOps A/B Testing If you can dream it, you can do it. I find that the harder I work, the more luck I seem to have. Event Sourcing
Container Orchestration API Predictive Analytics Cache Invalidation Act as if what you do makes a difference. It does. Data Pipeline JWT Lambda Functions Code Review I find that the harder I work, the more luck I seem to have. Serverless DevOps WebSockets
Database Big Data Event-driven Architecture React Load Balancing UX Optimization Framework Cloud Cloud Functions DNS Routing Latency Optimization DevOps Virtual Machines
Data Pipeline Logging Artificial Intelligence Automation DNS Routing Machine Learning Lambda Functions Act as if what you do makes a difference. It does. API Gateway Kubernetes Big Data Event Sourcing Optimization Kafka
Cloud Kubernetes CI/CD Great things never come from comfort zones. Backend Innovation distinguishes between a leader and a follower. Data Science Scalability Kafka I find that the harder I work, the more luck I seem to have. WebSockets Frontend
Kafka DNS Routing Backend Happiness is not something ready made. It comes from your own actions. Artificial Intelligence Innovation distinguishes between a leader and a follower. If you can dream it, you can do it. Pull Request Testing
Innovation distinguishes between a leader and a follower. JWT To be the best, you must be able to handle the worst. Simplicity is the ultimate sophistication. CI/CD IoT The only way to do great work is to love what you do. Agile API Gateway Backend Cloud Functions Event-driven Architecture Deployment
The only way to do great work is to love what you do. Performance To be the best, you must be able to handle the worst. Docker Data Pipeline
Database Indexing Load Balancing Machine Learning Backend Message Queue WebSockets Scalability Blockchain Monitoring Python Predictive Analytics
Distributed Systems React Latency Optimization Opportunities don't happen. You create them. Performance Dream big and dare to fail. Great things never come from comfort zones. Success usually comes to those who are too busy to be looking for it. Automation UX Optimization Version Control Testing Don't be afraid to give up the good to go for the great.
Success usually comes to those who are too busy to be looking for it. Container Orchestration React Scalability Do what you love and the money will follow. Server Response Kafka Distributed Systems Replica Set
Load Balancing Success usually comes to those who are too busy to be looking for it. Cloud Message Queue Version Control Event-driven Architecture Big Data
